[RootApplication] Config file loaded.
[OpenMMSimulator] Config file loaded.
[OpenMMSimulator] Setting up simulation...
[OpenMMSimulator] Opening state file: /home/harrigan/projects/msmaccelerator2.villin/project/starting_states/a13c7489-f11f-4480-bd4c-2ebe50b2a54d..xml
[OpenMMSimulator] minimizing...
[OpenMMSimulator] adding reporters...
[OpenMMSimulator] Starting dynamics
[OpenMMSimulator] {'Time (ps)': 99.99999999994834, 'Step': 50000, 'Potential Energy (kJ/mole)': -181257.31464923732, 'Temperature (K)': 358.3195774384226, 'Progress (%s)': '1.0%'}
[OpenMMSimulator] {'Time (ps)': 200.00000000022686, 'Step': 100000, 'Potential Energy (kJ/mole)': -181322.0497345701, 'Temperature (K)': 361.43102926926315, 'Progress (%s)': '2.0%'}
[OpenMMSimulator] {'Time (ps)': 300.00000000070435, 'Step': 150000, 'Potential Energy (kJ/mole)': -181949.55815490335, 'Temperature (K)': 357.90220919677677, 'Progress (%s)': '3.0%'}
[OpenMMSimulator] {'Time (ps)': 400.00000000118183, 'Step': 200000, 'Potential Energy (kJ/mole)': -181466.07959394716, 'Temperature (K)': 356.24910128957214, 'Progress (%s)': '4.0%'}
[OpenMMSimulator] {'Time (ps)': 500.0000000016593, 'Step': 250000, 'Potential Energy (kJ/mole)': -181367.5119005274, 'Temperature (K)': 360.5363392712778, 'Progress (%s)': '5.0%'}
[OpenMMSimulator] {'Time (ps)': 599.9999999996356, 'Step': 300000, 'Potential Energy (kJ/mole)': -182070.14592106617, 'Temperature (K)': 355.7509154093635, 'Progress (%s)': '6.0%'}
[OpenMMSimulator] {'Time (ps)': 699.999999997271, 'Step': 350000, 'Potential Energy (kJ/mole)': -182535.29969615676, 'Temperature (K)': 363.3011841136017, 'Progress (%s)': '7.0%'}
[OpenMMSimulator] {'Time (ps)': 799.9999999949063, 'Step': 400000, 'Potential Energy (kJ/mole)': -181731.9388900865, 'Temperature (K)': 361.3188877880545, 'Progress (%s)': '8.0%'}
[OpenMMSimulator] {'Time (ps)': 899.9999999925416, 'Step': 450000, 'Potential Energy (kJ/mole)': -181831.7024133522, 'Temperature (K)': 361.34799164796726, 'Progress (%s)': '9.0%'}
[OpenMMSimulator] {'Time (ps)': 999.9999999901769, 'Step': 500000, 'Potential Energy (kJ/mole)': -181603.50143073685, 'Temperature (K)': 360.7606161667517, 'Progress (%s)': '10.0%'}
[OpenMMSimulator] {'Time (ps)': 1099.9999999878123, 'Step': 550000, 'Potential Energy (kJ/mole)': -181824.64796582796, 'Temperature (K)': 358.36361735761653, 'Progress (%s)': '11.0%'}
[OpenMMSimulator] {'Time (ps)': 1199.9999999854476, 'Step': 600000, 'Potential Energy (kJ/mole)': -181760.46535040624, 'Temperature (K)': 359.02130430526466, 'Progress (%s)': '12.0%'}
[OpenMMSimulator] {'Time (ps)': 1299.999999983083, 'Step': 650000, 'Potential Energy (kJ/mole)': -182194.0285902908, 'Temperature (K)': 356.76727660930885, 'Progress (%s)': '13.0%'}
[OpenMMSimulator] {'Time (ps)': 1399.9999999807183, 'Step': 700000, 'Potential Energy (kJ/mole)': -182591.07253754698, 'Temperature (K)': 358.3472955485522, 'Progress (%s)': '14.0%'}
[OpenMMSimulator] {'Time (ps)': 1499.9999999783536, 'Step': 750000, 'Potential Energy (kJ/mole)': -181787.02824845817, 'Temperature (K)': 361.34375032275267, 'Progress (%s)': '15.0%'}
[OpenMMSimulator] {'Time (ps)': 1599.9999999759889, 'Step': 800000, 'Potential Energy (kJ/mole)': -181911.34267697297, 'Temperature (K)': 357.14353798101865, 'Progress (%s)': '16.0%'}
[OpenMMSimulator] {'Time (ps)': 1699.9999999736242, 'Step': 850000, 'Potential Energy (kJ/mole)': -182220.00574013405, 'Temperature (K)': 362.3212463028394, 'Progress (%s)': '17.0%'}
[OpenMMSimulator] {'Time (ps)': 1799.9999999712595, 'Step': 900000, 'Potential Energy (kJ/mole)': -182155.5978286974, 'Temperature (K)': 358.4739879992292, 'Progress (%s)': '18.0%'}
[OpenMMSimulator] {'Time (ps)': 1899.9999999688948, 'Step': 950000, 'Potential Energy (kJ/mole)': -181672.27559246682, 'Temperature (K)': 361.1900257364117, 'Progress (%s)': '19.0%'}
[OpenMMSimulator] {'Time (ps)': 1999.9999999665301, 'Step': 1000000, 'Potential Energy (kJ/mole)': -180768.4006271232, 'Temperature (K)': 359.30984181214734, 'Progress (%s)': '20.0%'}
[OpenMMSimulator] {'Time (ps)': 2099.9999999641655, 'Step': 1050000, 'Potential Energy (kJ/mole)': -181044.25699789263, 'Temperature (K)': 359.38692591807705, 'Progress (%s)': '21.0%'}
[OpenMMSimulator] {'Time (ps)': 2199.9999999618008, 'Step': 1100000, 'Potential Energy (kJ/mole)': -182929.7548173163, 'Temperature (K)': 360.49588603117496, 'Progress (%s)': '22.0%'}
[OpenMMSimulator] {'Time (ps)': 2299.999999959436, 'Step': 1150000, 'Potential Energy (kJ/mole)': -181792.19583119545, 'Temperature (K)': 362.17926723417827, 'Progress (%s)': '23.0%'}
[OpenMMSimulator] {'Time (ps)': 2399.9999999570714, 'Step': 1200000, 'Potential Energy (kJ/mole)': -182002.8855006774, 'Temperature (K)': 358.0381883499736, 'Progress (%s)': '24.0%'}
[OpenMMSimulator] {'Time (ps)': 2499.9999999547067, 'Step': 1250000, 'Potential Energy (kJ/mole)': -182016.3047899101, 'Temperature (K)': 358.8704778020035, 'Progress (%s)': '25.0%'}
[OpenMMSimulator] {'Time (ps)': 2599.999999952342, 'Step': 1300000, 'Potential Energy (kJ/mole)': -181879.2278746511, 'Temperature (K)': 358.82705022007053, 'Progress (%s)': '26.0%'}
[OpenMMSimulator] {'Time (ps)': 2699.9999999499773, 'Step': 1350000, 'Potential Energy (kJ/mole)': -181349.99979504757, 'Temperature (K)': 363.44112169765293, 'Progress (%s)': '27.0%'}
[OpenMMSimulator] {'Time (ps)': 2799.9999999476127, 'Step': 1400000, 'Potential Energy (kJ/mole)': -181563.50966726337, 'Temperature (K)': 362.9632460790616, 'Progress (%s)': '28.0%'}
[OpenMMSimulator] {'Time (ps)': 2899.999999945248, 'Step': 1450000, 'Potential Energy (kJ/mole)': -182520.81431888742, 'Temperature (K)': 363.4120697532036, 'Progress (%s)': '29.0%'}
[OpenMMSimulator] {'Time (ps)': 2999.9999999428833, 'Step': 1500000, 'Potential Energy (kJ/mole)': -182556.39265316539, 'Temperature (K)': 359.12026474846465, 'Progress (%s)': '30.0%'}
[OpenMMSimulator] {'Time (ps)': 3099.9999999405186, 'Step': 1550000, 'Potential Energy (kJ/mole)': -181642.44386560703, 'Temperature (K)': 361.2623369881689, 'Progress (%s)': '31.0%'}
[OpenMMSimulator] {'Time (ps)': 3199.999999938154, 'Step': 1600000, 'Potential Energy (kJ/mole)': -181776.4092212338, 'Temperature (K)': 362.0479961126832, 'Progress (%s)': '32.0%'}
[OpenMMSimulator] {'Time (ps)': 3299.999999935789, 'Step': 1650000, 'Potential Energy (kJ/mole)': -181055.37324776687, 'Temperature (K)': 364.0120921752936, 'Progress (%s)': '33.0%'}
[OpenMMSimulator] {'Time (ps)': 3399.9999999334245, 'Step': 1700000, 'Potential Energy (kJ/mole)': -182091.9158054702, 'Temperature (K)': 362.4217525912669, 'Progress (%s)': '34.0%'}
[OpenMMSimulator] {'Time (ps)': 3499.99999993106, 'Step': 1750000, 'Potential Energy (kJ/mole)': -182136.63256702758, 'Temperature (K)': 363.01085481519726, 'Progress (%s)': '35.0%'}
[OpenMMSimulator] {'Time (ps)': 3599.999999928695, 'Step': 1800000, 'Potential Energy (kJ/mole)': -181378.80278240424, 'Temperature (K)': 359.40196312203886, 'Progress (%s)': '36.0%'}
[OpenMMSimulator] {'Time (ps)': 3699.9999999263305, 'Step': 1850000, 'Potential Energy (kJ/mole)': -182030.11981689464, 'Temperature (K)': 355.19024748786563, 'Progress (%s)': '37.0%'}
[OpenMMSimulator] {'Time (ps)': 3799.999999923966, 'Step': 1900000, 'Potential Energy (kJ/mole)': -182157.17505592573, 'Temperature (K)': 358.18910083115594, 'Progress (%s)': '38.0%'}
[OpenMMSimulator] {'Time (ps)': 3899.999999921601, 'Step': 1950000, 'Potential Energy (kJ/mole)': -183010.23081812263, 'Temperature (K)': 359.97710864314325, 'Progress (%s)': '39.0%'}
[OpenMMSimulator] {'Time (ps)': 3999.9999999192364, 'Step': 2000000, 'Potential Energy (kJ/mole)': -181550.0611728495, 'Temperature (K)': 362.46603242892047, 'Progress (%s)': '40.0%'}
[OpenMMSimulator] {'Time (ps)': 4099.999999917781, 'Step': 2050000, 'Potential Energy (kJ/mole)': -182708.80684866197, 'Temperature (K)': 357.11293336543355, 'Progress (%s)': '41.0%'}
[OpenMMSimulator] {'Time (ps)': 4199.999999938153, 'Step': 2100000, 'Potential Energy (kJ/mole)': -181001.37229653262, 'Temperature (K)': 365.5738629288304, 'Progress (%s)': '42.0%'}
[OpenMMSimulator] {'Time (ps)': 4299.999999958526, 'Step': 2150000, 'Potential Energy (kJ/mole)': -181555.98034623545, 'Temperature (K)': 360.89765744452166, 'Progress (%s)': '43.0%'}
[OpenMMSimulator] {'Time (ps)': 4399.999999978899, 'Step': 2200000, 'Potential Energy (kJ/mole)': -182208.90134994686, 'Temperature (K)': 358.3236035836298, 'Progress (%s)': '44.0%'}
[OpenMMSimulator] {'Time (ps)': 4499.9999999992715, 'Step': 2250000, 'Potential Energy (kJ/mole)': -180933.7167301206, 'Temperature (K)': 363.67542895952147, 'Progress (%s)': '45.0%'}
[OpenMMSimulator] {'Time (ps)': 4600.000000019644, 'Step': 2300000, 'Potential Energy (kJ/mole)': -182454.8670887258, 'Temperature (K)': 366.2093239424837, 'Progress (%s)': '46.0%'}
[OpenMMSimulator] {'Time (ps)': 4700.000000040017, 'Step': 2350000, 'Potential Energy (kJ/mole)': -181681.43411895842, 'Temperature (K)': 362.22963041031613, 'Progress (%s)': '47.0%'}
[OpenMMSimulator] {'Time (ps)': 4800.0000000603895, 'Step': 2400000, 'Potential Energy (kJ/mole)': -181985.72987945564, 'Temperature (K)': 359.7239791257876, 'Progress (%s)': '48.0%'}
[OpenMMSimulator] {'Time (ps)': 4900.000000080762, 'Step': 2450000, 'Potential Energy (kJ/mole)': -182256.59002623986, 'Temperature (K)': 360.9550932889543, 'Progress (%s)': '49.0%'}
[OpenMMSimulator] {'Time (ps)': 5000.000000101135, 'Step': 2500000, 'Potential Energy (kJ/mole)': -181985.44458643533, 'Temperature (K)': 356.3794075403973, 'Progress (%s)': '50.0%'}
[OpenMMSimulator] {'Time (ps)': 5100.000000121508, 'Step': 2550000, 'Potential Energy (kJ/mole)': -182506.4967804281, 'Temperature (K)': 364.1325107460903, 'Progress (%s)': '51.0%'}
[OpenMMSimulator] {'Time (ps)': 5200.00000014188, 'Step': 2600000, 'Potential Energy (kJ/mole)': -181792.26659938134, 'Temperature (K)': 365.03209449136494, 'Progress (%s)': '52.0%'}
[OpenMMSimulator] {'Time (ps)': 5300.000000162253, 'Step': 2650000, 'Potential Energy (kJ/mole)': -182770.91918079788, 'Temperature (K)': 365.03770368736434, 'Progress (%s)': '53.0%'}
[OpenMMSimulator] {'Time (ps)': 5400.000000182626, 'Step': 2700000, 'Potential Energy (kJ/mole)': -183054.08149947226, 'Temperature (K)': 356.1038668945012, 'Progress (%s)': '54.0%'}
[OpenMMSimulator] {'Time (ps)': 5500.000000202998, 'Step': 2750000, 'Potential Energy (kJ/mole)': -182002.65063501708, 'Temperature (K)': 361.26276289824057, 'Progress (%s)': '55.0%'}
[OpenMMSimulator] {'Time (ps)': 5600.000000223371, 'Step': 2800000, 'Potential Energy (kJ/mole)': -182258.16700552404, 'Temperature (K)': 361.67340271081787, 'Progress (%s)': '56.0%'}
[OpenMMSimulator] {'Time (ps)': 5700.000000243744, 'Step': 2850000, 'Potential Energy (kJ/mole)': -182356.46913767606, 'Temperature (K)': 357.6882479724603, 'Progress (%s)': '57.0%'}
[OpenMMSimulator] {'Time (ps)': 5800.000000264116, 'Step': 2900000, 'Potential Energy (kJ/mole)': -181928.1596595589, 'Temperature (K)': 353.3569320967088, 'Progress (%s)': '58.0%'}
[OpenMMSimulator] {'Time (ps)': 5900.000000284489, 'Step': 2950000, 'Potential Energy (kJ/mole)': -181527.07545730378, 'Temperature (K)': 365.4694268092533, 'Progress (%s)': '59.0%'}
[OpenMMSimulator] {'Time (ps)': 6000.000000304862, 'Step': 3000000, 'Potential Energy (kJ/mole)': -181288.45954958908, 'Temperature (K)': 356.02388421117473, 'Progress (%s)': '60.0%'}
[OpenMMSimulator] {'Time (ps)': 6100.000000325234, 'Step': 3050000, 'Potential Energy (kJ/mole)': -181600.90976701397, 'Temperature (K)': 365.5702329088706, 'Progress (%s)': '61.0%'}
[OpenMMSimulator] {'Time (ps)': 6200.000000345607, 'Step': 3100000, 'Potential Energy (kJ/mole)': -182092.25161415618, 'Temperature (K)': 361.69641607699776, 'Progress (%s)': '62.0%'}
[OpenMMSimulator] {'Time (ps)': 6300.00000036598, 'Step': 3150000, 'Potential Energy (kJ/mole)': -182091.05686932895, 'Temperature (K)': 361.54673145600617, 'Progress (%s)': '63.0%'}
[OpenMMSimulator] {'Time (ps)': 6400.000000386352, 'Step': 3200000, 'Potential Energy (kJ/mole)': -182646.2359935036, 'Temperature (K)': 354.3817828097809, 'Progress (%s)': '64.0%'}
[OpenMMSimulator] {'Time (ps)': 6500.000000406725, 'Step': 3250000, 'Potential Energy (kJ/mole)': -181706.44070221204, 'Temperature (K)': 361.83742457336325, 'Progress (%s)': '65.0%'}
[OpenMMSimulator] {'Time (ps)': 6600.000000427098, 'Step': 3300000, 'Potential Energy (kJ/mole)': -181624.86933781207, 'Temperature (K)': 361.8398357314455, 'Progress (%s)': '66.0%'}
[OpenMMSimulator] {'Time (ps)': 6700.0000004474705, 'Step': 3350000, 'Potential Energy (kJ/mole)': -182149.06346021965, 'Temperature (K)': 365.88529167789125, 'Progress (%s)': '67.0%'}
[OpenMMSimulator] {'Time (ps)': 6800.000000467843, 'Step': 3400000, 'Potential Energy (kJ/mole)': -181467.27117813192, 'Temperature (K)': 362.0583361823314, 'Progress (%s)': '68.0%'}
[OpenMMSimulator] {'Time (ps)': 6900.000000488216, 'Step': 3450000, 'Potential Energy (kJ/mole)': -182436.28743800614, 'Temperature (K)': 361.36382547769057, 'Progress (%s)': '69.0%'}
[OpenMMSimulator] {'Time (ps)': 7000.0000005085885, 'Step': 3500000, 'Potential Energy (kJ/mole)': -181652.77885917015, 'Temperature (K)': 359.730268989707, 'Progress (%s)': '70.0%'}
[OpenMMSimulator] {'Time (ps)': 7100.000000528961, 'Step': 3550000, 'Potential Energy (kJ/mole)': -182392.43636295665, 'Temperature (K)': 360.3742677984799, 'Progress (%s)': '71.0%'}
[OpenMMSimulator] {'Time (ps)': 7200.000000549334, 'Step': 3600000, 'Potential Energy (kJ/mole)': -182032.23069310188, 'Temperature (K)': 359.2781116050017, 'Progress (%s)': '72.0%'}
[OpenMMSimulator] {'Time (ps)': 7300.000000569707, 'Step': 3650000, 'Potential Energy (kJ/mole)': -182063.51345616393, 'Temperature (K)': 356.9605435403434, 'Progress (%s)': '73.0%'}
[OpenMMSimulator] {'Time (ps)': 7400.000000590079, 'Step': 3700000, 'Potential Energy (kJ/mole)': -182345.22990947403, 'Temperature (K)': 358.566959435636, 'Progress (%s)': '74.0%'}
[OpenMMSimulator] {'Time (ps)': 7500.000000610452, 'Step': 3750000, 'Potential Energy (kJ/mole)': -181850.27647034638, 'Temperature (K)': 354.2270604758316, 'Progress (%s)': '75.0%'}
[OpenMMSimulator] {'Time (ps)': 7600.000000630825, 'Step': 3800000, 'Potential Energy (kJ/mole)': -182457.54023073427, 'Temperature (K)': 362.4440817265704, 'Progress (%s)': '76.0%'}
[OpenMMSimulator] {'Time (ps)': 7700.000000651197, 'Step': 3850000, 'Potential Energy (kJ/mole)': -182177.32719800994, 'Temperature (K)': 360.980202046467, 'Progress (%s)': '77.0%'}
[OpenMMSimulator] {'Time (ps)': 7800.00000067157, 'Step': 3900000, 'Potential Energy (kJ/mole)': -181579.51835362427, 'Temperature (K)': 360.49352832057724, 'Progress (%s)': '78.0%'}
[OpenMMSimulator] {'Time (ps)': 7900.000000691943, 'Step': 3950000, 'Potential Energy (kJ/mole)': -182545.93015295034, 'Temperature (K)': 359.2640769590339, 'Progress (%s)': '79.0%'}
[OpenMMSimulator] {'Time (ps)': 8000.000000712315, 'Step': 4000000, 'Potential Energy (kJ/mole)': -182422.10925710388, 'Temperature (K)': 358.85400662424456, 'Progress (%s)': '80.0%'}
[OpenMMSimulator] {'Time (ps)': 8100.000000732688, 'Step': 4050000, 'Potential Energy (kJ/mole)': -181620.91746746865, 'Temperature (K)': 355.693884101009, 'Progress (%s)': '81.0%'}
[OpenMMSimulator] {'Time (ps)': 8200.00000075306, 'Step': 4100000, 'Potential Energy (kJ/mole)': -181385.8797356654, 'Temperature (K)': 362.0953929968542, 'Progress (%s)': '82.0%'}
[OpenMMSimulator] {'Time (ps)': 8300.000000773432, 'Step': 4150000, 'Potential Energy (kJ/mole)': -182020.75975222513, 'Temperature (K)': 363.76629750698106, 'Progress (%s)': '83.0%'}
[OpenMMSimulator] {'Time (ps)': 8400.000000793805, 'Step': 4200000, 'Potential Energy (kJ/mole)': -182855.43241994642, 'Temperature (K)': 357.854317375426, 'Progress (%s)': '84.0%'}
[OpenMMSimulator] {'Time (ps)': 8500.000000814178, 'Step': 4250000, 'Potential Energy (kJ/mole)': -181729.05955635756, 'Temperature (K)': 366.5473773486497, 'Progress (%s)': '85.0%'}
[OpenMMSimulator] {'Time (ps)': 8600.00000083455, 'Step': 4300000, 'Potential Energy (kJ/mole)': -181789.2579157818, 'Temperature (K)': 358.1417325721955, 'Progress (%s)': '86.0%'}
[OpenMMSimulator] {'Time (ps)': 8700.000000854923, 'Step': 4350000, 'Potential Energy (kJ/mole)': -182164.9576751776, 'Temperature (K)': 361.2738887810469, 'Progress (%s)': '87.0%'}
[OpenMMSimulator] {'Time (ps)': 8800.000000875296, 'Step': 4400000, 'Potential Energy (kJ/mole)': -182160.00877638813, 'Temperature (K)': 358.11997359220754, 'Progress (%s)': '88.0%'}
[OpenMMSimulator] {'Time (ps)': 8900.000000895669, 'Step': 4450000, 'Potential Energy (kJ/mole)': -181758.04075677507, 'Temperature (K)': 359.86417516315396, 'Progress (%s)': '89.0%'}
[OpenMMSimulator] {'Time (ps)': 9000.000000916041, 'Step': 4500000, 'Potential Energy (kJ/mole)': -182608.68225846207, 'Temperature (K)': 359.7850885768636, 'Progress (%s)': '90.0%'}
[OpenMMSimulator] {'Time (ps)': 9100.000000936414, 'Step': 4550000, 'Potential Energy (kJ/mole)': -182496.1789742182, 'Temperature (K)': 358.52996587670725, 'Progress (%s)': '91.0%'}
[OpenMMSimulator] {'Time (ps)': 9200.000000956787, 'Step': 4600000, 'Potential Energy (kJ/mole)': -182245.064338604, 'Temperature (K)': 356.20448770416374, 'Progress (%s)': '92.0%'}
[OpenMMSimulator] {'Time (ps)': 9300.00000097716, 'Step': 4650000, 'Potential Energy (kJ/mole)': -182373.20549261384, 'Temperature (K)': 354.95253089213077, 'Progress (%s)': '93.0%'}
[OpenMMSimulator] {'Time (ps)': 9400.000000997532, 'Step': 4700000, 'Potential Energy (kJ/mole)': -181695.72516142763, 'Temperature (K)': 360.08220885642055, 'Progress (%s)': '94.0%'}
[OpenMMSimulator] {'Time (ps)': 9500.000001017905, 'Step': 4750000, 'Potential Energy (kJ/mole)': -181155.64516276307, 'Temperature (K)': 357.77292835445525, 'Progress (%s)': '95.0%'}
[OpenMMSimulator] {'Time (ps)': 9600.000001038277, 'Step': 4800000, 'Potential Energy (kJ/mole)': -181113.60825300775, 'Temperature (K)': 361.8151869283928, 'Progress (%s)': '96.0%'}
[OpenMMSimulator] {'Time (ps)': 9700.00000105865, 'Step': 4850000, 'Potential Energy (kJ/mole)': -182808.13549375348, 'Temperature (K)': 360.0561629935305, 'Progress (%s)': '97.0%'}
[OpenMMSimulator] {'Time (ps)': 9800.000001079023, 'Step': 4900000, 'Potential Energy (kJ/mole)': -181727.5898433728, 'Temperature (K)': 362.1939346541331, 'Progress (%s)': '98.0%'}
[OpenMMSimulator] {'Time (ps)': 9900.000001099395, 'Step': 4950000, 'Potential Energy (kJ/mole)': -181774.1699488666, 'Temperature (K)': 360.34206100436813, 'Progress (%s)': '99.0%'}
If you use this sofware in a publication, please cite our papers :)
