[RootApplication] Config file loaded.
[OpenMMSimulator] Config file loaded.
[OpenMMSimulator] Setting up simulation...
[OpenMMSimulator] Opening state file: /home/harrigan/projects/msmaccelerator2.villin/project/starting_states/255caec9-3949-4790-aee1-c2e89fe3a3fa..xml
[OpenMMSimulator] minimizing...
[OpenMMSimulator] adding reporters...
[OpenMMSimulator] Starting dynamics
[OpenMMSimulator] {'Time (ps)': 99.99999999994834, 'Step': 50000, 'Potential Energy (kJ/mole)': -181683.6297340598, 'Temperature (K)': 364.08295116482725, 'Progress (%s)': '1.0%'}
[OpenMMSimulator] {'Time (ps)': 200.00000000022686, 'Step': 100000, 'Potential Energy (kJ/mole)': -183094.75381449424, 'Temperature (K)': 357.72823596188215, 'Progress (%s)': '2.0%'}
[OpenMMSimulator] {'Time (ps)': 300.00000000070435, 'Step': 150000, 'Potential Energy (kJ/mole)': -182359.06003439054, 'Temperature (K)': 363.67237884254837, 'Progress (%s)': '3.0%'}
[OpenMMSimulator] {'Time (ps)': 400.00000000118183, 'Step': 200000, 'Potential Energy (kJ/mole)': -181774.96302670054, 'Temperature (K)': 361.888128161361, 'Progress (%s)': '4.0%'}
[OpenMMSimulator] {'Time (ps)': 500.0000000016593, 'Step': 250000, 'Potential Energy (kJ/mole)': -181461.57427621074, 'Temperature (K)': 355.2895584505724, 'Progress (%s)': '5.0%'}
[OpenMMSimulator] {'Time (ps)': 599.9999999996356, 'Step': 300000, 'Potential Energy (kJ/mole)': -181011.0384580344, 'Temperature (K)': 360.6434475581943, 'Progress (%s)': '6.0%'}
[OpenMMSimulator] {'Time (ps)': 699.999999997271, 'Step': 350000, 'Potential Energy (kJ/mole)': -181110.66539012082, 'Temperature (K)': 356.62188823551384, 'Progress (%s)': '7.0%'}
[OpenMMSimulator] {'Time (ps)': 799.9999999949063, 'Step': 400000, 'Potential Energy (kJ/mole)': -181939.12136393553, 'Temperature (K)': 357.13206780425185, 'Progress (%s)': '8.0%'}
[OpenMMSimulator] {'Time (ps)': 899.9999999925416, 'Step': 450000, 'Potential Energy (kJ/mole)': -182411.4189764168, 'Temperature (K)': 361.56886137148973, 'Progress (%s)': '9.0%'}
[OpenMMSimulator] {'Time (ps)': 999.9999999901769, 'Step': 500000, 'Potential Energy (kJ/mole)': -182542.3592013102, 'Temperature (K)': 358.19772330061994, 'Progress (%s)': '10.0%'}
[OpenMMSimulator] {'Time (ps)': 1099.9999999878123, 'Step': 550000, 'Potential Energy (kJ/mole)': -182011.756179763, 'Temperature (K)': 362.17370814072103, 'Progress (%s)': '11.0%'}
[OpenMMSimulator] {'Time (ps)': 1199.9999999854476, 'Step': 600000, 'Potential Energy (kJ/mole)': -182166.1642780751, 'Temperature (K)': 361.0526787211022, 'Progress (%s)': '12.0%'}
[OpenMMSimulator] {'Time (ps)': 1299.999999983083, 'Step': 650000, 'Potential Energy (kJ/mole)': -181992.70395618118, 'Temperature (K)': 359.6715503986865, 'Progress (%s)': '13.0%'}
[OpenMMSimulator] {'Time (ps)': 1399.9999999807183, 'Step': 700000, 'Potential Energy (kJ/mole)': -181804.87735841563, 'Temperature (K)': 359.99574092968766, 'Progress (%s)': '14.0%'}
[OpenMMSimulator] {'Time (ps)': 1499.9999999783536, 'Step': 750000, 'Potential Energy (kJ/mole)': -182040.6627871329, 'Temperature (K)': 360.660150604386, 'Progress (%s)': '15.0%'}
[OpenMMSimulator] {'Time (ps)': 1599.9999999759889, 'Step': 800000, 'Potential Energy (kJ/mole)': -181432.6054303702, 'Temperature (K)': 355.4217418966708, 'Progress (%s)': '16.0%'}
[OpenMMSimulator] {'Time (ps)': 1699.9999999736242, 'Step': 850000, 'Potential Energy (kJ/mole)': -181890.62686796207, 'Temperature (K)': 361.93146725302705, 'Progress (%s)': '17.0%'}
[OpenMMSimulator] {'Time (ps)': 1799.9999999712595, 'Step': 900000, 'Potential Energy (kJ/mole)': -182082.4048496876, 'Temperature (K)': 366.89435762249866, 'Progress (%s)': '18.0%'}
[OpenMMSimulator] {'Time (ps)': 1899.9999999688948, 'Step': 950000, 'Potential Energy (kJ/mole)': -181558.6430434622, 'Temperature (K)': 356.125173258098, 'Progress (%s)': '19.0%'}
[OpenMMSimulator] {'Time (ps)': 1999.9999999665301, 'Step': 1000000, 'Potential Energy (kJ/mole)': -182136.21649792977, 'Temperature (K)': 361.7831295557512, 'Progress (%s)': '20.0%'}
[OpenMMSimulator] {'Time (ps)': 2099.9999999641655, 'Step': 1050000, 'Potential Energy (kJ/mole)': -181744.17727749422, 'Temperature (K)': 359.6345585054426, 'Progress (%s)': '21.0%'}
[OpenMMSimulator] {'Time (ps)': 2199.9999999618008, 'Step': 1100000, 'Potential Energy (kJ/mole)': -182503.89434901904, 'Temperature (K)': 357.2006189412809, 'Progress (%s)': '22.0%'}
[OpenMMSimulator] {'Time (ps)': 2299.999999959436, 'Step': 1150000, 'Potential Energy (kJ/mole)': -181149.3058074778, 'Temperature (K)': 357.0347587578804, 'Progress (%s)': '23.0%'}
[OpenMMSimulator] {'Time (ps)': 2399.9999999570714, 'Step': 1200000, 'Potential Energy (kJ/mole)': -182061.54556948505, 'Temperature (K)': 362.16567212638245, 'Progress (%s)': '24.0%'}
[OpenMMSimulator] {'Time (ps)': 2499.9999999547067, 'Step': 1250000, 'Potential Energy (kJ/mole)': -180937.76896315254, 'Temperature (K)': 363.32964032418937, 'Progress (%s)': '25.0%'}
[OpenMMSimulator] {'Time (ps)': 2599.999999952342, 'Step': 1300000, 'Potential Energy (kJ/mole)': -181400.219967857, 'Temperature (K)': 359.8396806456492, 'Progress (%s)': '26.0%'}
[OpenMMSimulator] {'Time (ps)': 2699.9999999499773, 'Step': 1350000, 'Potential Energy (kJ/mole)': -182157.47692421637, 'Temperature (K)': 360.30962926106974, 'Progress (%s)': '27.0%'}
[OpenMMSimulator] {'Time (ps)': 2799.9999999476127, 'Step': 1400000, 'Potential Energy (kJ/mole)': -182253.1531808991, 'Temperature (K)': 355.224079889185, 'Progress (%s)': '28.0%'}
[OpenMMSimulator] {'Time (ps)': 2899.999999945248, 'Step': 1450000, 'Potential Energy (kJ/mole)': -183490.33179182885, 'Temperature (K)': 360.7185584573091, 'Progress (%s)': '29.0%'}
[OpenMMSimulator] {'Time (ps)': 2999.9999999428833, 'Step': 1500000, 'Potential Energy (kJ/mole)': -182651.29784500785, 'Temperature (K)': 362.11495760059853, 'Progress (%s)': '30.0%'}
[OpenMMSimulator] {'Time (ps)': 3099.9999999405186, 'Step': 1550000, 'Potential Energy (kJ/mole)': -181748.1828462351, 'Temperature (K)': 359.44623015518516, 'Progress (%s)': '31.0%'}
[OpenMMSimulator] {'Time (ps)': 3199.999999938154, 'Step': 1600000, 'Potential Energy (kJ/mole)': -181386.61685079522, 'Temperature (K)': 359.731154132861, 'Progress (%s)': '32.0%'}
[OpenMMSimulator] {'Time (ps)': 3299.999999935789, 'Step': 1650000, 'Potential Energy (kJ/mole)': -181279.29229297116, 'Temperature (K)': 356.869097777732, 'Progress (%s)': '33.0%'}
[OpenMMSimulator] {'Time (ps)': 3399.9999999334245, 'Step': 1700000, 'Potential Energy (kJ/mole)': -181337.51436352357, 'Temperature (K)': 362.2218353916576, 'Progress (%s)': '34.0%'}
[OpenMMSimulator] {'Time (ps)': 3499.99999993106, 'Step': 1750000, 'Potential Energy (kJ/mole)': -182040.47806363273, 'Temperature (K)': 361.92929721327454, 'Progress (%s)': '35.0%'}
[OpenMMSimulator] {'Time (ps)': 3599.999999928695, 'Step': 1800000, 'Potential Energy (kJ/mole)': -182415.37715986744, 'Temperature (K)': 364.34042818304584, 'Progress (%s)': '36.0%'}
[OpenMMSimulator] {'Time (ps)': 3699.9999999263305, 'Step': 1850000, 'Potential Energy (kJ/mole)': -181781.09132211376, 'Temperature (K)': 365.75180060592214, 'Progress (%s)': '37.0%'}
[OpenMMSimulator] {'Time (ps)': 3799.999999923966, 'Step': 1900000, 'Potential Energy (kJ/mole)': -181579.62982804328, 'Temperature (K)': 363.0145443376006, 'Progress (%s)': '38.0%'}
[OpenMMSimulator] {'Time (ps)': 3899.999999921601, 'Step': 1950000, 'Potential Energy (kJ/mole)': -181849.19390640222, 'Temperature (K)': 357.88788719739546, 'Progress (%s)': '39.0%'}
[OpenMMSimulator] {'Time (ps)': 3999.9999999192364, 'Step': 2000000, 'Potential Energy (kJ/mole)': -182540.5006023515, 'Temperature (K)': 354.68564250898953, 'Progress (%s)': '40.0%'}
[OpenMMSimulator] {'Time (ps)': 4099.999999917781, 'Step': 2050000, 'Potential Energy (kJ/mole)': -181392.51066177245, 'Temperature (K)': 355.3802718570292, 'Progress (%s)': '41.0%'}
[OpenMMSimulator] {'Time (ps)': 4199.999999938153, 'Step': 2100000, 'Potential Energy (kJ/mole)': -181977.50239549764, 'Temperature (K)': 360.9848722392489, 'Progress (%s)': '42.0%'}
[OpenMMSimulator] {'Time (ps)': 4299.999999958526, 'Step': 2150000, 'Potential Energy (kJ/mole)': -181545.83634775132, 'Temperature (K)': 357.62060584747303, 'Progress (%s)': '43.0%'}
[OpenMMSimulator] {'Time (ps)': 4399.999999978899, 'Step': 2200000, 'Potential Energy (kJ/mole)': -181772.92405509017, 'Temperature (K)': 361.13618131722876, 'Progress (%s)': '44.0%'}
[OpenMMSimulator] {'Time (ps)': 4499.9999999992715, 'Step': 2250000, 'Potential Energy (kJ/mole)': -182149.6981903501, 'Temperature (K)': 361.5920749335706, 'Progress (%s)': '45.0%'}
[OpenMMSimulator] {'Time (ps)': 4600.000000019644, 'Step': 2300000, 'Potential Energy (kJ/mole)': -180689.13231828623, 'Temperature (K)': 363.9848501566096, 'Progress (%s)': '46.0%'}
[OpenMMSimulator] {'Time (ps)': 4700.000000040017, 'Step': 2350000, 'Potential Energy (kJ/mole)': -182200.46048619412, 'Temperature (K)': 361.2279793772285, 'Progress (%s)': '47.0%'}
[OpenMMSimulator] {'Time (ps)': 4800.0000000603895, 'Step': 2400000, 'Potential Energy (kJ/mole)': -181486.84564386867, 'Temperature (K)': 361.72526755335315, 'Progress (%s)': '48.0%'}
[OpenMMSimulator] {'Time (ps)': 4900.000000080762, 'Step': 2450000, 'Potential Energy (kJ/mole)': -181403.30845333263, 'Temperature (K)': 358.3842651996754, 'Progress (%s)': '49.0%'}
[OpenMMSimulator] {'Time (ps)': 5000.000000101135, 'Step': 2500000, 'Potential Energy (kJ/mole)': -181980.39728937205, 'Temperature (K)': 358.62701252066006, 'Progress (%s)': '50.0%'}
[OpenMMSimulator] {'Time (ps)': 5100.000000121508, 'Step': 2550000, 'Potential Energy (kJ/mole)': -181732.97666904144, 'Temperature (K)': 362.5145929790189, 'Progress (%s)': '51.0%'}
[OpenMMSimulator] {'Time (ps)': 5200.00000014188, 'Step': 2600000, 'Potential Energy (kJ/mole)': -182137.37399799563, 'Temperature (K)': 356.69756579416406, 'Progress (%s)': '52.0%'}
[OpenMMSimulator] {'Time (ps)': 5300.000000162253, 'Step': 2650000, 'Potential Energy (kJ/mole)': -180921.69877565594, 'Temperature (K)': 361.32404914481907, 'Progress (%s)': '53.0%'}
[OpenMMSimulator] {'Time (ps)': 5400.000000182626, 'Step': 2700000, 'Potential Energy (kJ/mole)': -180969.78597529046, 'Temperature (K)': 364.6251348733453, 'Progress (%s)': '54.0%'}
[OpenMMSimulator] {'Time (ps)': 5500.000000202998, 'Step': 2750000, 'Potential Energy (kJ/mole)': -181893.71630769642, 'Temperature (K)': 356.5093470233401, 'Progress (%s)': '55.0%'}
[OpenMMSimulator] {'Time (ps)': 5600.000000223371, 'Step': 2800000, 'Potential Energy (kJ/mole)': -182155.1703616958, 'Temperature (K)': 362.9225966015055, 'Progress (%s)': '56.0%'}
[OpenMMSimulator] {'Time (ps)': 5700.000000243744, 'Step': 2850000, 'Potential Energy (kJ/mole)': -181947.06562918238, 'Temperature (K)': 362.26215176348165, 'Progress (%s)': '57.0%'}
[OpenMMSimulator] {'Time (ps)': 5800.000000264116, 'Step': 2900000, 'Potential Energy (kJ/mole)': -182586.1764396783, 'Temperature (K)': 362.35200356253966, 'Progress (%s)': '58.0%'}
[OpenMMSimulator] {'Time (ps)': 5900.000000284489, 'Step': 2950000, 'Potential Energy (kJ/mole)': -182986.24900877662, 'Temperature (K)': 362.8758354307255, 'Progress (%s)': '59.0%'}
[OpenMMSimulator] {'Time (ps)': 6000.000000304862, 'Step': 3000000, 'Potential Energy (kJ/mole)': -181177.19329800643, 'Temperature (K)': 356.7227383550078, 'Progress (%s)': '60.0%'}
[OpenMMSimulator] {'Time (ps)': 6100.000000325234, 'Step': 3050000, 'Potential Energy (kJ/mole)': -181535.8481177222, 'Temperature (K)': 363.18643656106485, 'Progress (%s)': '61.0%'}
[OpenMMSimulator] {'Time (ps)': 6200.000000345607, 'Step': 3100000, 'Potential Energy (kJ/mole)': -182474.1137706684, 'Temperature (K)': 359.7983750436755, 'Progress (%s)': '62.0%'}
[OpenMMSimulator] {'Time (ps)': 6300.00000036598, 'Step': 3150000, 'Potential Energy (kJ/mole)': -181730.0084930798, 'Temperature (K)': 356.1142150417872, 'Progress (%s)': '63.0%'}
[OpenMMSimulator] {'Time (ps)': 6400.000000386352, 'Step': 3200000, 'Potential Energy (kJ/mole)': -181842.1182016246, 'Temperature (K)': 365.92183375216916, 'Progress (%s)': '64.0%'}
[OpenMMSimulator] {'Time (ps)': 6500.000000406725, 'Step': 3250000, 'Potential Energy (kJ/mole)': -181354.4631266892, 'Temperature (K)': 358.27749938367367, 'Progress (%s)': '65.0%'}
[OpenMMSimulator] {'Time (ps)': 6600.000000427098, 'Step': 3300000, 'Potential Energy (kJ/mole)': -181351.3565945737, 'Temperature (K)': 359.90192878122673, 'Progress (%s)': '66.0%'}
[OpenMMSimulator] {'Time (ps)': 6700.0000004474705, 'Step': 3350000, 'Potential Energy (kJ/mole)': -182045.22022990137, 'Temperature (K)': 355.2260572731149, 'Progress (%s)': '67.0%'}
[OpenMMSimulator] {'Time (ps)': 6800.000000467843, 'Step': 3400000, 'Potential Energy (kJ/mole)': -182189.66731172614, 'Temperature (K)': 357.7398915066838, 'Progress (%s)': '68.0%'}
[OpenMMSimulator] {'Time (ps)': 6900.000000488216, 'Step': 3450000, 'Potential Energy (kJ/mole)': -181595.57062765397, 'Temperature (K)': 361.8137277575921, 'Progress (%s)': '69.0%'}
[OpenMMSimulator] {'Time (ps)': 7000.0000005085885, 'Step': 3500000, 'Potential Energy (kJ/mole)': -182472.35810579918, 'Temperature (K)': 355.6478928108598, 'Progress (%s)': '70.0%'}
[OpenMMSimulator] {'Time (ps)': 7100.000000528961, 'Step': 3550000, 'Potential Energy (kJ/mole)': -182024.612019578, 'Temperature (K)': 359.0141398182683, 'Progress (%s)': '71.0%'}
[OpenMMSimulator] {'Time (ps)': 7200.000000549334, 'Step': 3600000, 'Potential Energy (kJ/mole)': -182028.52700527245, 'Temperature (K)': 361.01292152835634, 'Progress (%s)': '72.0%'}
[OpenMMSimulator] {'Time (ps)': 7300.000000569707, 'Step': 3650000, 'Potential Energy (kJ/mole)': -182509.81687859073, 'Temperature (K)': 358.1865622775929, 'Progress (%s)': '73.0%'}
[OpenMMSimulator] {'Time (ps)': 7400.000000590079, 'Step': 3700000, 'Potential Energy (kJ/mole)': -181438.10710905865, 'Temperature (K)': 362.4708814412317, 'Progress (%s)': '74.0%'}
[OpenMMSimulator] {'Time (ps)': 7500.000000610452, 'Step': 3750000, 'Potential Energy (kJ/mole)': -182088.16681752168, 'Temperature (K)': 357.73059287835645, 'Progress (%s)': '75.0%'}
[OpenMMSimulator] {'Time (ps)': 7600.000000630825, 'Step': 3800000, 'Potential Energy (kJ/mole)': -182006.2419646196, 'Temperature (K)': 361.48026784215904, 'Progress (%s)': '76.0%'}
[OpenMMSimulator] {'Time (ps)': 7700.000000651197, 'Step': 3850000, 'Potential Energy (kJ/mole)': -181784.75466006435, 'Temperature (K)': 358.9065445352508, 'Progress (%s)': '77.0%'}
[OpenMMSimulator] {'Time (ps)': 7800.00000067157, 'Step': 3900000, 'Potential Energy (kJ/mole)': -181571.16771697812, 'Temperature (K)': 357.4199938444198, 'Progress (%s)': '78.0%'}
[OpenMMSimulator] {'Time (ps)': 7900.000000691943, 'Step': 3950000, 'Potential Energy (kJ/mole)': -181610.4008232858, 'Temperature (K)': 356.46786767010724, 'Progress (%s)': '79.0%'}
[OpenMMSimulator] {'Time (ps)': 8000.000000712315, 'Step': 4000000, 'Potential Energy (kJ/mole)': -181731.97233185917, 'Temperature (K)': 361.63398831942396, 'Progress (%s)': '80.0%'}
[OpenMMSimulator] {'Time (ps)': 8100.000000732688, 'Step': 4050000, 'Potential Energy (kJ/mole)': -181986.54219024582, 'Temperature (K)': 358.96821936386885, 'Progress (%s)': '81.0%'}
[OpenMMSimulator] {'Time (ps)': 8200.00000075306, 'Step': 4100000, 'Potential Energy (kJ/mole)': -182038.95147277974, 'Temperature (K)': 362.9378577095555, 'Progress (%s)': '82.0%'}
[OpenMMSimulator] {'Time (ps)': 8300.000000773432, 'Step': 4150000, 'Potential Energy (kJ/mole)': -181527.8667108887, 'Temperature (K)': 362.1256276095444, 'Progress (%s)': '83.0%'}
[OpenMMSimulator] {'Time (ps)': 8400.000000793805, 'Step': 4200000, 'Potential Energy (kJ/mole)': -181763.88186903298, 'Temperature (K)': 363.9864596127913, 'Progress (%s)': '84.0%'}
[OpenMMSimulator] {'Time (ps)': 8500.000000814178, 'Step': 4250000, 'Potential Energy (kJ/mole)': -181681.9375701109, 'Temperature (K)': 357.2653680407027, 'Progress (%s)': '85.0%'}
[OpenMMSimulator] {'Time (ps)': 8600.00000083455, 'Step': 4300000, 'Potential Energy (kJ/mole)': -182223.30871829204, 'Temperature (K)': 361.6556426730518, 'Progress (%s)': '86.0%'}
[OpenMMSimulator] {'Time (ps)': 8700.000000854923, 'Step': 4350000, 'Potential Energy (kJ/mole)': -181870.09453598224, 'Temperature (K)': 363.4650781236273, 'Progress (%s)': '87.0%'}
[OpenMMSimulator] {'Time (ps)': 8800.000000875296, 'Step': 4400000, 'Potential Energy (kJ/mole)': -181965.17022207007, 'Temperature (K)': 358.8455835535896, 'Progress (%s)': '88.0%'}
[OpenMMSimulator] {'Time (ps)': 8900.000000895669, 'Step': 4450000, 'Potential Energy (kJ/mole)': -181876.48746265937, 'Temperature (K)': 363.614387424821, 'Progress (%s)': '89.0%'}
[OpenMMSimulator] {'Time (ps)': 9000.000000916041, 'Step': 4500000, 'Potential Energy (kJ/mole)': -181347.755680155, 'Temperature (K)': 359.78518515235174, 'Progress (%s)': '90.0%'}
[OpenMMSimulator] {'Time (ps)': 9100.000000936414, 'Step': 4550000, 'Potential Energy (kJ/mole)': -182224.13230536692, 'Temperature (K)': 360.6325379646193, 'Progress (%s)': '91.0%'}
[OpenMMSimulator] {'Time (ps)': 9200.000000956787, 'Step': 4600000, 'Potential Energy (kJ/mole)': -180882.1379400883, 'Temperature (K)': 360.5773790116001, 'Progress (%s)': '92.0%'}
[OpenMMSimulator] {'Time (ps)': 9300.00000097716, 'Step': 4650000, 'Potential Energy (kJ/mole)': -182000.25946813263, 'Temperature (K)': 357.6927568052319, 'Progress (%s)': '93.0%'}
[OpenMMSimulator] {'Time (ps)': 9400.000000997532, 'Step': 4700000, 'Potential Energy (kJ/mole)': -182532.01364610717, 'Temperature (K)': 361.5119734253042, 'Progress (%s)': '94.0%'}
[OpenMMSimulator] {'Time (ps)': 9500.000001017905, 'Step': 4750000, 'Potential Energy (kJ/mole)': -181744.5558843906, 'Temperature (K)': 358.73056342599136, 'Progress (%s)': '95.0%'}
[OpenMMSimulator] {'Time (ps)': 9600.000001038277, 'Step': 4800000, 'Potential Energy (kJ/mole)': -181922.94888047315, 'Temperature (K)': 356.1412186832428, 'Progress (%s)': '96.0%'}
[OpenMMSimulator] {'Time (ps)': 9700.00000105865, 'Step': 4850000, 'Potential Energy (kJ/mole)': -181842.00954862311, 'Temperature (K)': 363.69675875548813, 'Progress (%s)': '97.0%'}
[OpenMMSimulator] {'Time (ps)': 9800.000001079023, 'Step': 4900000, 'Potential Energy (kJ/mole)': -182395.89553411677, 'Temperature (K)': 359.65630214985276, 'Progress (%s)': '98.0%'}
[OpenMMSimulator] {'Time (ps)': 9900.000001099395, 'Step': 4950000, 'Potential Energy (kJ/mole)': -181620.54004425742, 'Temperature (K)': 358.783924426363, 'Progress (%s)': '99.0%'}
If you use this sofware in a publication, please cite our papers :)
