Wed Aug 14 12:41:27 2013       
+------------------------------------------------------+                       
| NVIDIA-SMI 5.319.23   Driver Version: 319.23         |                       
|-------------------------------+----------------------+----------------------+
| GPU  Name        Persistence-M| Bus-Id        Disp.A | Volatile Uncorr. ECC |
| Fan  Temp  Perf  Pwr:Usage/Cap|         Memory-Usage | GPU-Util  Compute M. |
|===============================+======================+======================|
|   0  Tesla C2070         On   | 0000:0A:00.0     Off |                    0 |
| 30%   51C    P8    N/A /  N/A |        9MB /  5375MB |      0%    E. Thread |
+-------------------------------+----------------------+----------------------+
|   1  Tesla C2070         On   | 0000:0B:00.0     Off |                    0 |
| 30%   51C    P8    N/A /  N/A |        9MB /  5375MB |      0%    E. Thread |
+-------------------------------+----------------------+----------------------+
|   2  Tesla C2070         On   | 0000:0F:00.0     Off |                    0 |
| 30%   51C    P8    N/A /  N/A |        9MB /  5375MB |      0%    E. Thread |
+-------------------------------+----------------------+----------------------+
|   3  Tesla C2070         On   | 0000:10:00.0     Off |                    0 |
| 30%   50C    P8    N/A /  N/A |        9MB /  5375MB |      0%    E. Thread |
+-------------------------------+----------------------+----------------------+
|   4  Tesla C2070         On   | 0000:83:00.0     Off |                    0 |
| 30%   46C    P8    N/A /  N/A |        9MB /  5375MB |      0%    E. Thread |
+-------------------------------+----------------------+----------------------+
|   5  Tesla C2070         On   | 0000:87:00.0     Off |                    0 |
| 30%   49C    P8    N/A /  N/A |        9MB /  5375MB |      0%    E. Thread |
+-------------------------------+----------------------+----------------------+
|   6  Tesla C2070         On   | 0000:88:00.0     Off |                    0 |
| 30%   46C    P8    N/A /  N/A |        9MB /  5375MB |      0%    E. Thread |
+-------------------------------+----------------------+----------------------+
                                                                               
+-----------------------------------------------------------------------------+
| Compute processes:                                               GPU Memory |
|  GPU       PID  Process name                                     Usage      |
|=============================================================================|
|  No running compute processes found                                         |
+-----------------------------------------------------------------------------+
