[RootApplication] Config file loaded.
[OpenMMSimulator] Config file loaded.
[OpenMMSimulator] Setting up simulation...
[OpenMMSimulator] Opening state file: /home/harrigan/projects/msmaccelerator2.villin/project/starting_states/e1b968cd-4722-4e09-9e3c-da687ba90a23..xml
[OpenMMSimulator] minimizing...
[OpenMMSimulator] adding reporters...
[OpenMMSimulator] Starting dynamics
[OpenMMSimulator] {'Time (ps)': 99.99999999994834, 'Step': 50000, 'Potential Energy (kJ/mole)': -181788.06754428335, 'Temperature (K)': 356.79498687816283, 'Progress (%s)': '1.0%'}
[OpenMMSimulator] {'Time (ps)': 200.00000000022686, 'Step': 100000, 'Potential Energy (kJ/mole)': -181317.8509087013, 'Temperature (K)': 361.2590295892639, 'Progress (%s)': '2.0%'}
[OpenMMSimulator] {'Time (ps)': 300.00000000070435, 'Step': 150000, 'Potential Energy (kJ/mole)': -181531.26041336916, 'Temperature (K)': 362.34549792837856, 'Progress (%s)': '3.0%'}
[OpenMMSimulator] {'Time (ps)': 400.00000000118183, 'Step': 200000, 'Potential Energy (kJ/mole)': -181555.14909502678, 'Temperature (K)': 358.5515560149159, 'Progress (%s)': '4.0%'}
[OpenMMSimulator] {'Time (ps)': 500.0000000016593, 'Step': 250000, 'Potential Energy (kJ/mole)': -182193.21480552293, 'Temperature (K)': 358.6213528065038, 'Progress (%s)': '5.0%'}
[OpenMMSimulator] {'Time (ps)': 599.9999999996356, 'Step': 300000, 'Potential Energy (kJ/mole)': -182504.06455950998, 'Temperature (K)': 361.741472157761, 'Progress (%s)': '6.0%'}
[OpenMMSimulator] {'Time (ps)': 699.999999997271, 'Step': 350000, 'Potential Energy (kJ/mole)': -181164.13050991297, 'Temperature (K)': 361.00269271025167, 'Progress (%s)': '7.0%'}
[OpenMMSimulator] {'Time (ps)': 799.9999999949063, 'Step': 400000, 'Potential Energy (kJ/mole)': -181938.22217891365, 'Temperature (K)': 360.70373502580196, 'Progress (%s)': '8.0%'}
[OpenMMSimulator] {'Time (ps)': 899.9999999925416, 'Step': 450000, 'Potential Energy (kJ/mole)': -181870.16201627813, 'Temperature (K)': 361.36386557490084, 'Progress (%s)': '9.0%'}
[OpenMMSimulator] {'Time (ps)': 999.9999999901769, 'Step': 500000, 'Potential Energy (kJ/mole)': -181462.6086892651, 'Temperature (K)': 360.09607806627486, 'Progress (%s)': '10.0%'}
[OpenMMSimulator] {'Time (ps)': 1099.9999999878123, 'Step': 550000, 'Potential Energy (kJ/mole)': -181641.5714029204, 'Temperature (K)': 360.90170956656704, 'Progress (%s)': '11.0%'}
[OpenMMSimulator] {'Time (ps)': 1199.9999999854476, 'Step': 600000, 'Potential Energy (kJ/mole)': -181519.2616277784, 'Temperature (K)': 361.5288967868692, 'Progress (%s)': '12.0%'}
[OpenMMSimulator] {'Time (ps)': 1299.999999983083, 'Step': 650000, 'Potential Energy (kJ/mole)': -182680.43059931695, 'Temperature (K)': 357.9489903220552, 'Progress (%s)': '13.0%'}
[OpenMMSimulator] {'Time (ps)': 1399.9999999807183, 'Step': 700000, 'Potential Energy (kJ/mole)': -181169.35538700782, 'Temperature (K)': 362.3329364530344, 'Progress (%s)': '14.0%'}
[OpenMMSimulator] {'Time (ps)': 1499.9999999783536, 'Step': 750000, 'Potential Energy (kJ/mole)': -181144.3759206878, 'Temperature (K)': 358.5537962631671, 'Progress (%s)': '15.0%'}
[OpenMMSimulator] {'Time (ps)': 1599.9999999759889, 'Step': 800000, 'Potential Energy (kJ/mole)': -181720.71960017085, 'Temperature (K)': 357.9030884289119, 'Progress (%s)': '16.0%'}
[OpenMMSimulator] {'Time (ps)': 1699.9999999736242, 'Step': 850000, 'Potential Energy (kJ/mole)': -180945.2015935462, 'Temperature (K)': 356.60696173117896, 'Progress (%s)': '17.0%'}
[OpenMMSimulator] {'Time (ps)': 1799.9999999712595, 'Step': 900000, 'Potential Energy (kJ/mole)': -182338.39091945998, 'Temperature (K)': 357.06199526263913, 'Progress (%s)': '18.0%'}
[OpenMMSimulator] {'Time (ps)': 1899.9999999688948, 'Step': 950000, 'Potential Energy (kJ/mole)': -181803.29945338704, 'Temperature (K)': 363.6289973990462, 'Progress (%s)': '19.0%'}
[OpenMMSimulator] {'Time (ps)': 1999.9999999665301, 'Step': 1000000, 'Potential Energy (kJ/mole)': -182977.63867103867, 'Temperature (K)': 358.11216982487434, 'Progress (%s)': '20.0%'}
[OpenMMSimulator] {'Time (ps)': 2099.9999999641655, 'Step': 1050000, 'Potential Energy (kJ/mole)': -181361.8221257571, 'Temperature (K)': 359.89190505680483, 'Progress (%s)': '21.0%'}
[OpenMMSimulator] {'Time (ps)': 2199.9999999618008, 'Step': 1100000, 'Potential Energy (kJ/mole)': -181358.09520032816, 'Temperature (K)': 362.89691844872044, 'Progress (%s)': '22.0%'}
[OpenMMSimulator] {'Time (ps)': 2299.999999959436, 'Step': 1150000, 'Potential Energy (kJ/mole)': -181726.26694533415, 'Temperature (K)': 364.47169372880603, 'Progress (%s)': '23.0%'}
[OpenMMSimulator] {'Time (ps)': 2399.9999999570714, 'Step': 1200000, 'Potential Energy (kJ/mole)': -181513.5337464381, 'Temperature (K)': 362.88963842519644, 'Progress (%s)': '24.0%'}
[OpenMMSimulator] {'Time (ps)': 2499.9999999547067, 'Step': 1250000, 'Potential Energy (kJ/mole)': -181737.98671889957, 'Temperature (K)': 361.4756359937724, 'Progress (%s)': '25.0%'}
[OpenMMSimulator] {'Time (ps)': 2599.999999952342, 'Step': 1300000, 'Potential Energy (kJ/mole)': -181931.08512516925, 'Temperature (K)': 363.7651173385504, 'Progress (%s)': '26.0%'}
[OpenMMSimulator] {'Time (ps)': 2699.9999999499773, 'Step': 1350000, 'Potential Energy (kJ/mole)': -182249.28645491274, 'Temperature (K)': 360.7136647568705, 'Progress (%s)': '27.0%'}
[OpenMMSimulator] {'Time (ps)': 2799.9999999476127, 'Step': 1400000, 'Potential Energy (kJ/mole)': -180839.27890137397, 'Temperature (K)': 364.22314249599356, 'Progress (%s)': '28.0%'}
[OpenMMSimulator] {'Time (ps)': 2899.999999945248, 'Step': 1450000, 'Potential Energy (kJ/mole)': -181380.3207103014, 'Temperature (K)': 357.35341768234196, 'Progress (%s)': '29.0%'}
[OpenMMSimulator] {'Time (ps)': 2999.9999999428833, 'Step': 1500000, 'Potential Energy (kJ/mole)': -181822.13355376385, 'Temperature (K)': 361.05570280526285, 'Progress (%s)': '30.0%'}
[OpenMMSimulator] {'Time (ps)': 3099.9999999405186, 'Step': 1550000, 'Potential Energy (kJ/mole)': -182295.3972726371, 'Temperature (K)': 361.0561485302195, 'Progress (%s)': '31.0%'}
[OpenMMSimulator] {'Time (ps)': 3199.999999938154, 'Step': 1600000, 'Potential Energy (kJ/mole)': -182206.9001583401, 'Temperature (K)': 356.53070375424306, 'Progress (%s)': '32.0%'}
[OpenMMSimulator] {'Time (ps)': 3299.999999935789, 'Step': 1650000, 'Potential Energy (kJ/mole)': -180930.0601923801, 'Temperature (K)': 362.33878802140805, 'Progress (%s)': '33.0%'}
[OpenMMSimulator] {'Time (ps)': 3399.9999999334245, 'Step': 1700000, 'Potential Energy (kJ/mole)': -181795.79894322157, 'Temperature (K)': 358.1824560700887, 'Progress (%s)': '34.0%'}
[OpenMMSimulator] {'Time (ps)': 3499.99999993106, 'Step': 1750000, 'Potential Energy (kJ/mole)': -181191.38717565965, 'Temperature (K)': 362.61527749236996, 'Progress (%s)': '35.0%'}
[OpenMMSimulator] {'Time (ps)': 3599.999999928695, 'Step': 1800000, 'Potential Energy (kJ/mole)': -182368.1958690146, 'Temperature (K)': 367.9085172491418, 'Progress (%s)': '36.0%'}
[OpenMMSimulator] {'Time (ps)': 3699.9999999263305, 'Step': 1850000, 'Potential Energy (kJ/mole)': -181426.8980640974, 'Temperature (K)': 367.4169610762213, 'Progress (%s)': '37.0%'}
[OpenMMSimulator] {'Time (ps)': 3799.999999923966, 'Step': 1900000, 'Potential Energy (kJ/mole)': -181807.763095472, 'Temperature (K)': 356.22340186142395, 'Progress (%s)': '38.0%'}
[OpenMMSimulator] {'Time (ps)': 3899.999999921601, 'Step': 1950000, 'Potential Energy (kJ/mole)': -182000.78802747838, 'Temperature (K)': 362.65874698463625, 'Progress (%s)': '39.0%'}
[OpenMMSimulator] {'Time (ps)': 3999.9999999192364, 'Step': 2000000, 'Potential Energy (kJ/mole)': -181899.2607429279, 'Temperature (K)': 364.6522856668308, 'Progress (%s)': '40.0%'}
[OpenMMSimulator] {'Time (ps)': 4099.999999917781, 'Step': 2050000, 'Potential Energy (kJ/mole)': -181519.92187451757, 'Temperature (K)': 359.9666292090325, 'Progress (%s)': '41.0%'}
[OpenMMSimulator] {'Time (ps)': 4199.999999938153, 'Step': 2100000, 'Potential Energy (kJ/mole)': -182383.00792362355, 'Temperature (K)': 361.2094986715907, 'Progress (%s)': '42.0%'}
[OpenMMSimulator] {'Time (ps)': 4299.999999958526, 'Step': 2150000, 'Potential Energy (kJ/mole)': -181254.955746511, 'Temperature (K)': 362.2277593367524, 'Progress (%s)': '43.0%'}
[OpenMMSimulator] {'Time (ps)': 4399.999999978899, 'Step': 2200000, 'Potential Energy (kJ/mole)': -181455.88126272522, 'Temperature (K)': 354.34946429386156, 'Progress (%s)': '44.0%'}
[OpenMMSimulator] {'Time (ps)': 4499.9999999992715, 'Step': 2250000, 'Potential Energy (kJ/mole)': -181688.7983913757, 'Temperature (K)': 358.63505634020356, 'Progress (%s)': '45.0%'}
[OpenMMSimulator] {'Time (ps)': 4600.000000019644, 'Step': 2300000, 'Potential Energy (kJ/mole)': -182177.205456879, 'Temperature (K)': 358.3093831916464, 'Progress (%s)': '46.0%'}
[OpenMMSimulator] {'Time (ps)': 4700.000000040017, 'Step': 2350000, 'Potential Energy (kJ/mole)': -180946.55147197284, 'Temperature (K)': 359.74759237451, 'Progress (%s)': '47.0%'}
[OpenMMSimulator] {'Time (ps)': 4800.0000000603895, 'Step': 2400000, 'Potential Energy (kJ/mole)': -182364.1793047851, 'Temperature (K)': 362.91569032799197, 'Progress (%s)': '48.0%'}
[OpenMMSimulator] {'Time (ps)': 4900.000000080762, 'Step': 2450000, 'Potential Energy (kJ/mole)': -181631.6814162149, 'Temperature (K)': 361.9701519251725, 'Progress (%s)': '49.0%'}
[OpenMMSimulator] {'Time (ps)': 5000.000000101135, 'Step': 2500000, 'Potential Energy (kJ/mole)': -181352.6223891857, 'Temperature (K)': 356.8028388749481, 'Progress (%s)': '50.0%'}
[OpenMMSimulator] {'Time (ps)': 5100.000000121508, 'Step': 2550000, 'Potential Energy (kJ/mole)': -182089.55851438455, 'Temperature (K)': 361.17398090996807, 'Progress (%s)': '51.0%'}
[OpenMMSimulator] {'Time (ps)': 5200.00000014188, 'Step': 2600000, 'Potential Energy (kJ/mole)': -181593.15083377436, 'Temperature (K)': 368.0030214357188, 'Progress (%s)': '52.0%'}
[OpenMMSimulator] {'Time (ps)': 5300.000000162253, 'Step': 2650000, 'Potential Energy (kJ/mole)': -182463.83629782405, 'Temperature (K)': 356.38286043917566, 'Progress (%s)': '53.0%'}
[OpenMMSimulator] {'Time (ps)': 5400.000000182626, 'Step': 2700000, 'Potential Energy (kJ/mole)': -181475.16517784074, 'Temperature (K)': 358.01898264468673, 'Progress (%s)': '54.0%'}
[OpenMMSimulator] {'Time (ps)': 5500.000000202998, 'Step': 2750000, 'Potential Energy (kJ/mole)': -182694.80311591458, 'Temperature (K)': 357.71126086736797, 'Progress (%s)': '55.0%'}
[OpenMMSimulator] {'Time (ps)': 5600.000000223371, 'Step': 2800000, 'Potential Energy (kJ/mole)': -181325.85366528132, 'Temperature (K)': 359.0834400359686, 'Progress (%s)': '56.0%'}
[OpenMMSimulator] {'Time (ps)': 5700.000000243744, 'Step': 2850000, 'Potential Energy (kJ/mole)': -182185.97532051615, 'Temperature (K)': 360.10695946437266, 'Progress (%s)': '57.0%'}
[OpenMMSimulator] {'Time (ps)': 5800.000000264116, 'Step': 2900000, 'Potential Energy (kJ/mole)': -181393.4409825988, 'Temperature (K)': 362.49523002088654, 'Progress (%s)': '58.0%'}
[OpenMMSimulator] {'Time (ps)': 5900.000000284489, 'Step': 2950000, 'Potential Energy (kJ/mole)': -181547.52815155126, 'Temperature (K)': 365.812605267833, 'Progress (%s)': '59.0%'}
[OpenMMSimulator] {'Time (ps)': 6000.000000304862, 'Step': 3000000, 'Potential Energy (kJ/mole)': -182530.87073146412, 'Temperature (K)': 363.91161287981606, 'Progress (%s)': '60.0%'}
[OpenMMSimulator] {'Time (ps)': 6100.000000325234, 'Step': 3050000, 'Potential Energy (kJ/mole)': -181636.72353991563, 'Temperature (K)': 360.06544416480324, 'Progress (%s)': '61.0%'}
[OpenMMSimulator] {'Time (ps)': 6200.000000345607, 'Step': 3100000, 'Potential Energy (kJ/mole)': -180961.8466259921, 'Temperature (K)': 360.63727382761687, 'Progress (%s)': '62.0%'}
[OpenMMSimulator] {'Time (ps)': 6300.00000036598, 'Step': 3150000, 'Potential Energy (kJ/mole)': -181010.366068108, 'Temperature (K)': 362.2376528354895, 'Progress (%s)': '63.0%'}
[OpenMMSimulator] {'Time (ps)': 6400.000000386352, 'Step': 3200000, 'Potential Energy (kJ/mole)': -182235.70862519555, 'Temperature (K)': 358.85111667663574, 'Progress (%s)': '64.0%'}
[OpenMMSimulator] {'Time (ps)': 6500.000000406725, 'Step': 3250000, 'Potential Energy (kJ/mole)': -181641.27965629194, 'Temperature (K)': 362.86393222829736, 'Progress (%s)': '65.0%'}
[OpenMMSimulator] {'Time (ps)': 6600.000000427098, 'Step': 3300000, 'Potential Energy (kJ/mole)': -181491.7726520542, 'Temperature (K)': 355.64820358726786, 'Progress (%s)': '66.0%'}
[OpenMMSimulator] {'Time (ps)': 6700.0000004474705, 'Step': 3350000, 'Potential Energy (kJ/mole)': -181291.75542343967, 'Temperature (K)': 361.1876243246254, 'Progress (%s)': '67.0%'}
[OpenMMSimulator] {'Time (ps)': 6800.000000467843, 'Step': 3400000, 'Potential Energy (kJ/mole)': -181454.904473993, 'Temperature (K)': 360.19035141390015, 'Progress (%s)': '68.0%'}
[OpenMMSimulator] {'Time (ps)': 6900.000000488216, 'Step': 3450000, 'Potential Energy (kJ/mole)': -181666.70080415672, 'Temperature (K)': 360.969642751189, 'Progress (%s)': '69.0%'}
[OpenMMSimulator] {'Time (ps)': 7000.0000005085885, 'Step': 3500000, 'Potential Energy (kJ/mole)': -181995.34859542176, 'Temperature (K)': 356.8175182054953, 'Progress (%s)': '70.0%'}
[OpenMMSimulator] {'Time (ps)': 7100.000000528961, 'Step': 3550000, 'Potential Energy (kJ/mole)': -181468.24735091627, 'Temperature (K)': 362.9919727294961, 'Progress (%s)': '71.0%'}
[OpenMMSimulator] {'Time (ps)': 7200.000000549334, 'Step': 3600000, 'Potential Energy (kJ/mole)': -181577.99981564656, 'Temperature (K)': 354.2561361096949, 'Progress (%s)': '72.0%'}
[OpenMMSimulator] {'Time (ps)': 7300.000000569707, 'Step': 3650000, 'Potential Energy (kJ/mole)': -181859.14093849715, 'Temperature (K)': 356.7814876065871, 'Progress (%s)': '73.0%'}
[OpenMMSimulator] {'Time (ps)': 7400.000000590079, 'Step': 3700000, 'Potential Energy (kJ/mole)': -181268.0928921681, 'Temperature (K)': 356.85839465506143, 'Progress (%s)': '74.0%'}
[OpenMMSimulator] {'Time (ps)': 7500.000000610452, 'Step': 3750000, 'Potential Energy (kJ/mole)': -182176.65708148666, 'Temperature (K)': 361.40681125695505, 'Progress (%s)': '75.0%'}
[OpenMMSimulator] {'Time (ps)': 7600.000000630825, 'Step': 3800000, 'Potential Energy (kJ/mole)': -180671.33482270315, 'Temperature (K)': 370.95035383887887, 'Progress (%s)': '76.0%'}
[OpenMMSimulator] {'Time (ps)': 7700.000000651197, 'Step': 3850000, 'Potential Energy (kJ/mole)': -181212.21200797148, 'Temperature (K)': 362.24687774923444, 'Progress (%s)': '77.0%'}
[OpenMMSimulator] {'Time (ps)': 7800.00000067157, 'Step': 3900000, 'Potential Energy (kJ/mole)': -181269.93958934583, 'Temperature (K)': 363.6729681466082, 'Progress (%s)': '78.0%'}
[OpenMMSimulator] {'Time (ps)': 7900.000000691943, 'Step': 3950000, 'Potential Energy (kJ/mole)': -180934.26409576274, 'Temperature (K)': 359.1362114967057, 'Progress (%s)': '79.0%'}
[OpenMMSimulator] {'Time (ps)': 8000.000000712315, 'Step': 4000000, 'Potential Energy (kJ/mole)': -181814.46112066694, 'Temperature (K)': 362.12834629063207, 'Progress (%s)': '80.0%'}
[OpenMMSimulator] {'Time (ps)': 8100.000000732688, 'Step': 4050000, 'Potential Energy (kJ/mole)': -181318.77792346245, 'Temperature (K)': 362.683403859463, 'Progress (%s)': '81.0%'}
[OpenMMSimulator] {'Time (ps)': 8200.00000075306, 'Step': 4100000, 'Potential Energy (kJ/mole)': -182087.10238773655, 'Temperature (K)': 360.3550957838187, 'Progress (%s)': '82.0%'}
[OpenMMSimulator] {'Time (ps)': 8300.000000773432, 'Step': 4150000, 'Potential Energy (kJ/mole)': -181864.9261479471, 'Temperature (K)': 355.23654972779343, 'Progress (%s)': '83.0%'}
[OpenMMSimulator] {'Time (ps)': 8400.000000793805, 'Step': 4200000, 'Potential Energy (kJ/mole)': -181603.38857109845, 'Temperature (K)': 357.8635855191418, 'Progress (%s)': '84.0%'}
[OpenMMSimulator] {'Time (ps)': 8500.000000814178, 'Step': 4250000, 'Potential Energy (kJ/mole)': -182161.99088625796, 'Temperature (K)': 360.3392501996281, 'Progress (%s)': '85.0%'}
[OpenMMSimulator] {'Time (ps)': 8600.00000083455, 'Step': 4300000, 'Potential Energy (kJ/mole)': -182307.88445243053, 'Temperature (K)': 363.4158272767052, 'Progress (%s)': '86.0%'}
[OpenMMSimulator] {'Time (ps)': 8700.000000854923, 'Step': 4350000, 'Potential Energy (kJ/mole)': -181959.83978687692, 'Temperature (K)': 362.46730578751135, 'Progress (%s)': '87.0%'}
[OpenMMSimulator] {'Time (ps)': 8800.000000875296, 'Step': 4400000, 'Potential Energy (kJ/mole)': -182236.3742333434, 'Temperature (K)': 361.6095069332881, 'Progress (%s)': '88.0%'}
[OpenMMSimulator] {'Time (ps)': 8900.000000895669, 'Step': 4450000, 'Potential Energy (kJ/mole)': -181077.04760208167, 'Temperature (K)': 355.35078269192013, 'Progress (%s)': '89.0%'}
[OpenMMSimulator] {'Time (ps)': 9000.000000916041, 'Step': 4500000, 'Potential Energy (kJ/mole)': -181509.94803136028, 'Temperature (K)': 363.3365279874198, 'Progress (%s)': '90.0%'}
[OpenMMSimulator] {'Time (ps)': 9100.000000936414, 'Step': 4550000, 'Potential Energy (kJ/mole)': -180733.3902812535, 'Temperature (K)': 360.2577717100263, 'Progress (%s)': '91.0%'}
[OpenMMSimulator] {'Time (ps)': 9200.000000956787, 'Step': 4600000, 'Potential Energy (kJ/mole)': -182269.99851067737, 'Temperature (K)': 357.20406827059963, 'Progress (%s)': '92.0%'}
[OpenMMSimulator] {'Time (ps)': 9300.00000097716, 'Step': 4650000, 'Potential Energy (kJ/mole)': -181751.32382606063, 'Temperature (K)': 363.12473634968916, 'Progress (%s)': '93.0%'}
[OpenMMSimulator] {'Time (ps)': 9400.000000997532, 'Step': 4700000, 'Potential Energy (kJ/mole)': -181782.58217180334, 'Temperature (K)': 360.0752440359817, 'Progress (%s)': '94.0%'}
[OpenMMSimulator] {'Time (ps)': 9500.000001017905, 'Step': 4750000, 'Potential Energy (kJ/mole)': -181784.96290958673, 'Temperature (K)': 359.19497195511633, 'Progress (%s)': '95.0%'}
[OpenMMSimulator] {'Time (ps)': 9600.000001038277, 'Step': 4800000, 'Potential Energy (kJ/mole)': -182149.90337541606, 'Temperature (K)': 357.78278440149955, 'Progress (%s)': '96.0%'}
[OpenMMSimulator] {'Time (ps)': 9700.00000105865, 'Step': 4850000, 'Potential Energy (kJ/mole)': -181336.16827120166, 'Temperature (K)': 361.1060977020449, 'Progress (%s)': '97.0%'}
[OpenMMSimulator] {'Time (ps)': 9800.000001079023, 'Step': 4900000, 'Potential Energy (kJ/mole)': -181873.11365025304, 'Temperature (K)': 362.08724991207737, 'Progress (%s)': '98.0%'}
[OpenMMSimulator] {'Time (ps)': 9900.000001099395, 'Step': 4950000, 'Potential Energy (kJ/mole)': -181292.46368148737, 'Temperature (K)': 363.1293435492925, 'Progress (%s)': '99.0%'}
If you use this sofware in a publication, please cite our papers :)
