[RootApplication] Config file loaded.
[OpenMMSimulator] Config file loaded.
[OpenMMSimulator] Setting up simulation...
[OpenMMSimulator] Opening state file: /home/harrigan/projects/msmaccelerator2.villin/project/starting_states/05605079-582a-4c6b-8c49-c640e13af6c2..xml
[OpenMMSimulator] minimizing...
[OpenMMSimulator] adding reporters...
[OpenMMSimulator] Starting dynamics
[OpenMMSimulator] {'Time (ps)': 99.99999999994834, 'Step': 50000, 'Potential Energy (kJ/mole)': -182217.60162359942, 'Temperature (K)': 360.4935327341893, 'Progress (%s)': '1.0%'}
[OpenMMSimulator] {'Time (ps)': 200.00000000022686, 'Step': 100000, 'Potential Energy (kJ/mole)': -182120.37507527508, 'Temperature (K)': 357.4732641601329, 'Progress (%s)': '2.0%'}
[OpenMMSimulator] {'Time (ps)': 300.00000000070435, 'Step': 150000, 'Potential Energy (kJ/mole)': -181904.91447840165, 'Temperature (K)': 357.88960724583706, 'Progress (%s)': '3.0%'}
[OpenMMSimulator] {'Time (ps)': 400.00000000118183, 'Step': 200000, 'Potential Energy (kJ/mole)': -182476.9412357118, 'Temperature (K)': 354.8110334681026, 'Progress (%s)': '4.0%'}
[OpenMMSimulator] {'Time (ps)': 500.0000000016593, 'Step': 250000, 'Potential Energy (kJ/mole)': -181649.05457312427, 'Temperature (K)': 362.55967692822975, 'Progress (%s)': '5.0%'}
[OpenMMSimulator] {'Time (ps)': 599.9999999996356, 'Step': 300000, 'Potential Energy (kJ/mole)': -181528.3075778298, 'Temperature (K)': 358.15826935864607, 'Progress (%s)': '6.0%'}
[OpenMMSimulator] {'Time (ps)': 699.999999997271, 'Step': 350000, 'Potential Energy (kJ/mole)': -181566.83332546614, 'Temperature (K)': 362.935106872251, 'Progress (%s)': '7.0%'}
[OpenMMSimulator] {'Time (ps)': 799.9999999949063, 'Step': 400000, 'Potential Energy (kJ/mole)': -181491.22887977213, 'Temperature (K)': 357.29864611265305, 'Progress (%s)': '8.0%'}
[OpenMMSimulator] {'Time (ps)': 899.9999999925416, 'Step': 450000, 'Potential Energy (kJ/mole)': -180912.99317293987, 'Temperature (K)': 358.2719318117608, 'Progress (%s)': '9.0%'}
[OpenMMSimulator] {'Time (ps)': 999.9999999901769, 'Step': 500000, 'Potential Energy (kJ/mole)': -181815.77554043196, 'Temperature (K)': 364.025870121715, 'Progress (%s)': '10.0%'}
[OpenMMSimulator] {'Time (ps)': 1099.9999999878123, 'Step': 550000, 'Potential Energy (kJ/mole)': -182406.08399747685, 'Temperature (K)': 356.003604007297, 'Progress (%s)': '11.0%'}
[OpenMMSimulator] {'Time (ps)': 1199.9999999854476, 'Step': 600000, 'Potential Energy (kJ/mole)': -182236.9728467092, 'Temperature (K)': 354.374964779456, 'Progress (%s)': '12.0%'}
[OpenMMSimulator] {'Time (ps)': 1299.999999983083, 'Step': 650000, 'Potential Energy (kJ/mole)': -181643.0084990561, 'Temperature (K)': 360.0058574145246, 'Progress (%s)': '13.0%'}
[OpenMMSimulator] {'Time (ps)': 1399.9999999807183, 'Step': 700000, 'Potential Energy (kJ/mole)': -182732.3908601608, 'Temperature (K)': 358.9779008676563, 'Progress (%s)': '14.0%'}
[OpenMMSimulator] {'Time (ps)': 1499.9999999783536, 'Step': 750000, 'Potential Energy (kJ/mole)': -181498.21640281752, 'Temperature (K)': 359.30510519952776, 'Progress (%s)': '15.0%'}
[OpenMMSimulator] {'Time (ps)': 1599.9999999759889, 'Step': 800000, 'Potential Energy (kJ/mole)': -181219.71297814324, 'Temperature (K)': 357.4889260013554, 'Progress (%s)': '16.0%'}
[OpenMMSimulator] {'Time (ps)': 1699.9999999736242, 'Step': 850000, 'Potential Energy (kJ/mole)': -181796.76963583846, 'Temperature (K)': 356.0769702550682, 'Progress (%s)': '17.0%'}
[OpenMMSimulator] {'Time (ps)': 1799.9999999712595, 'Step': 900000, 'Potential Energy (kJ/mole)': -181528.1630654931, 'Temperature (K)': 353.7305030059637, 'Progress (%s)': '18.0%'}
[OpenMMSimulator] {'Time (ps)': 1899.9999999688948, 'Step': 950000, 'Potential Energy (kJ/mole)': -182263.23531763442, 'Temperature (K)': 356.08334211957384, 'Progress (%s)': '19.0%'}
[OpenMMSimulator] {'Time (ps)': 1999.9999999665301, 'Step': 1000000, 'Potential Energy (kJ/mole)': -181256.99861533754, 'Temperature (K)': 362.39096399854725, 'Progress (%s)': '20.0%'}
[OpenMMSimulator] {'Time (ps)': 2099.9999999641655, 'Step': 1050000, 'Potential Energy (kJ/mole)': -182043.18818402477, 'Temperature (K)': 357.36064689713066, 'Progress (%s)': '21.0%'}
[OpenMMSimulator] {'Time (ps)': 2199.9999999618008, 'Step': 1100000, 'Potential Energy (kJ/mole)': -181366.8586474117, 'Temperature (K)': 368.2527676156453, 'Progress (%s)': '22.0%'}
[OpenMMSimulator] {'Time (ps)': 2299.999999959436, 'Step': 1150000, 'Potential Energy (kJ/mole)': -181864.31431629648, 'Temperature (K)': 361.47075818164154, 'Progress (%s)': '23.0%'}
[OpenMMSimulator] {'Time (ps)': 2399.9999999570714, 'Step': 1200000, 'Potential Energy (kJ/mole)': -182201.8095467249, 'Temperature (K)': 358.161309160657, 'Progress (%s)': '24.0%'}
[OpenMMSimulator] {'Time (ps)': 2499.9999999547067, 'Step': 1250000, 'Potential Energy (kJ/mole)': -180988.71173407324, 'Temperature (K)': 363.23461815831104, 'Progress (%s)': '25.0%'}
[OpenMMSimulator] {'Time (ps)': 2599.999999952342, 'Step': 1300000, 'Potential Energy (kJ/mole)': -181443.487422755, 'Temperature (K)': 360.16807287295205, 'Progress (%s)': '26.0%'}
[OpenMMSimulator] {'Time (ps)': 2699.9999999499773, 'Step': 1350000, 'Potential Energy (kJ/mole)': -182220.96137499996, 'Temperature (K)': 361.32838451001976, 'Progress (%s)': '27.0%'}
[OpenMMSimulator] {'Time (ps)': 2799.9999999476127, 'Step': 1400000, 'Potential Energy (kJ/mole)': -181553.16153955925, 'Temperature (K)': 361.07096902480595, 'Progress (%s)': '28.0%'}
[OpenMMSimulator] {'Time (ps)': 2899.999999945248, 'Step': 1450000, 'Potential Energy (kJ/mole)': -181120.34865486622, 'Temperature (K)': 358.9881781067606, 'Progress (%s)': '29.0%'}
[OpenMMSimulator] {'Time (ps)': 2999.9999999428833, 'Step': 1500000, 'Potential Energy (kJ/mole)': -182130.90639287932, 'Temperature (K)': 361.5029626388022, 'Progress (%s)': '30.0%'}
[OpenMMSimulator] {'Time (ps)': 3099.9999999405186, 'Step': 1550000, 'Potential Energy (kJ/mole)': -182252.38362798188, 'Temperature (K)': 352.5012124165767, 'Progress (%s)': '31.0%'}
[OpenMMSimulator] {'Time (ps)': 3199.999999938154, 'Step': 1600000, 'Potential Energy (kJ/mole)': -181656.26951961033, 'Temperature (K)': 359.813994368399, 'Progress (%s)': '32.0%'}
[OpenMMSimulator] {'Time (ps)': 3299.999999935789, 'Step': 1650000, 'Potential Energy (kJ/mole)': -182032.7941666739, 'Temperature (K)': 360.10094659134467, 'Progress (%s)': '33.0%'}
[OpenMMSimulator] {'Time (ps)': 3399.9999999334245, 'Step': 1700000, 'Potential Energy (kJ/mole)': -181850.39647088572, 'Temperature (K)': 362.0865422548377, 'Progress (%s)': '34.0%'}
[OpenMMSimulator] {'Time (ps)': 3499.99999993106, 'Step': 1750000, 'Potential Energy (kJ/mole)': -181644.98208564892, 'Temperature (K)': 358.24528112174266, 'Progress (%s)': '35.0%'}
[OpenMMSimulator] {'Time (ps)': 3599.999999928695, 'Step': 1800000, 'Potential Energy (kJ/mole)': -181237.35019924492, 'Temperature (K)': 355.76101663322936, 'Progress (%s)': '36.0%'}
[OpenMMSimulator] {'Time (ps)': 3699.9999999263305, 'Step': 1850000, 'Potential Energy (kJ/mole)': -181415.0359002333, 'Temperature (K)': 358.3721084063872, 'Progress (%s)': '37.0%'}
[OpenMMSimulator] {'Time (ps)': 3799.999999923966, 'Step': 1900000, 'Potential Energy (kJ/mole)': -182143.06191123836, 'Temperature (K)': 355.38527792963885, 'Progress (%s)': '38.0%'}
[OpenMMSimulator] {'Time (ps)': 3899.999999921601, 'Step': 1950000, 'Potential Energy (kJ/mole)': -181716.89086389914, 'Temperature (K)': 358.8493693894498, 'Progress (%s)': '39.0%'}
[OpenMMSimulator] {'Time (ps)': 3999.9999999192364, 'Step': 2000000, 'Potential Energy (kJ/mole)': -180996.21065289713, 'Temperature (K)': 362.6596437250816, 'Progress (%s)': '40.0%'}
[OpenMMSimulator] {'Time (ps)': 4099.999999917781, 'Step': 2050000, 'Potential Energy (kJ/mole)': -181842.29519555485, 'Temperature (K)': 367.9906005773196, 'Progress (%s)': '41.0%'}
[OpenMMSimulator] {'Time (ps)': 4199.999999938153, 'Step': 2100000, 'Potential Energy (kJ/mole)': -182093.82252283953, 'Temperature (K)': 357.9987868611987, 'Progress (%s)': '42.0%'}
[OpenMMSimulator] {'Time (ps)': 4299.999999958526, 'Step': 2150000, 'Potential Energy (kJ/mole)': -181405.04394681565, 'Temperature (K)': 362.7011499968849, 'Progress (%s)': '43.0%'}
[OpenMMSimulator] {'Time (ps)': 4399.999999978899, 'Step': 2200000, 'Potential Energy (kJ/mole)': -181671.15190199204, 'Temperature (K)': 362.153709555946, 'Progress (%s)': '44.0%'}
[OpenMMSimulator] {'Time (ps)': 4499.9999999992715, 'Step': 2250000, 'Potential Energy (kJ/mole)': -182479.026424194, 'Temperature (K)': 361.70298339865667, 'Progress (%s)': '45.0%'}
[OpenMMSimulator] {'Time (ps)': 4600.000000019644, 'Step': 2300000, 'Potential Energy (kJ/mole)': -182489.38103006687, 'Temperature (K)': 358.0270218627317, 'Progress (%s)': '46.0%'}
[OpenMMSimulator] {'Time (ps)': 4700.000000040017, 'Step': 2350000, 'Potential Energy (kJ/mole)': -181644.1791016329, 'Temperature (K)': 355.49123916489884, 'Progress (%s)': '47.0%'}
[OpenMMSimulator] {'Time (ps)': 4800.0000000603895, 'Step': 2400000, 'Potential Energy (kJ/mole)': -181098.06887705438, 'Temperature (K)': 361.0954715651893, 'Progress (%s)': '48.0%'}
[OpenMMSimulator] {'Time (ps)': 4900.000000080762, 'Step': 2450000, 'Potential Energy (kJ/mole)': -182730.7801186808, 'Temperature (K)': 360.5419427892964, 'Progress (%s)': '49.0%'}
[OpenMMSimulator] {'Time (ps)': 5000.000000101135, 'Step': 2500000, 'Potential Energy (kJ/mole)': -181936.84358312748, 'Temperature (K)': 355.6893862297594, 'Progress (%s)': '50.0%'}
[OpenMMSimulator] {'Time (ps)': 5100.000000121508, 'Step': 2550000, 'Potential Energy (kJ/mole)': -181505.6650166083, 'Temperature (K)': 360.7299170728197, 'Progress (%s)': '51.0%'}
[OpenMMSimulator] {'Time (ps)': 5200.00000014188, 'Step': 2600000, 'Potential Energy (kJ/mole)': -181625.80400660075, 'Temperature (K)': 356.6601763230209, 'Progress (%s)': '52.0%'}
[OpenMMSimulator] {'Time (ps)': 5300.000000162253, 'Step': 2650000, 'Potential Energy (kJ/mole)': -182107.50274302065, 'Temperature (K)': 359.56676456691554, 'Progress (%s)': '53.0%'}
[OpenMMSimulator] {'Time (ps)': 5400.000000182626, 'Step': 2700000, 'Potential Energy (kJ/mole)': -181265.89158946602, 'Temperature (K)': 363.3509166001531, 'Progress (%s)': '54.0%'}
[OpenMMSimulator] {'Time (ps)': 5500.000000202998, 'Step': 2750000, 'Potential Energy (kJ/mole)': -181572.27494774945, 'Temperature (K)': 357.1230763279988, 'Progress (%s)': '55.0%'}
[OpenMMSimulator] {'Time (ps)': 5600.000000223371, 'Step': 2800000, 'Potential Energy (kJ/mole)': -182123.09454715438, 'Temperature (K)': 357.0150357015036, 'Progress (%s)': '56.0%'}
[OpenMMSimulator] {'Time (ps)': 5700.000000243744, 'Step': 2850000, 'Potential Energy (kJ/mole)': -181434.7434476968, 'Temperature (K)': 360.7916708080354, 'Progress (%s)': '57.0%'}
[OpenMMSimulator] {'Time (ps)': 5800.000000264116, 'Step': 2900000, 'Potential Energy (kJ/mole)': -182238.05896688811, 'Temperature (K)': 360.93200402298385, 'Progress (%s)': '58.0%'}
[OpenMMSimulator] {'Time (ps)': 5900.000000284489, 'Step': 2950000, 'Potential Energy (kJ/mole)': -181948.01402768306, 'Temperature (K)': 357.75372234494046, 'Progress (%s)': '59.0%'}
[OpenMMSimulator] {'Time (ps)': 6000.000000304862, 'Step': 3000000, 'Potential Energy (kJ/mole)': -181434.37938787974, 'Temperature (K)': 359.3707812646427, 'Progress (%s)': '60.0%'}
[OpenMMSimulator] {'Time (ps)': 6100.000000325234, 'Step': 3050000, 'Potential Energy (kJ/mole)': -181399.64811983518, 'Temperature (K)': 365.8062481396098, 'Progress (%s)': '61.0%'}
[OpenMMSimulator] {'Time (ps)': 6200.000000345607, 'Step': 3100000, 'Potential Energy (kJ/mole)': -181983.8953665269, 'Temperature (K)': 364.6729416250148, 'Progress (%s)': '62.0%'}
[OpenMMSimulator] {'Time (ps)': 6300.00000036598, 'Step': 3150000, 'Potential Energy (kJ/mole)': -181805.9803260537, 'Temperature (K)': 360.359239170453, 'Progress (%s)': '63.0%'}
[OpenMMSimulator] {'Time (ps)': 6400.000000386352, 'Step': 3200000, 'Potential Energy (kJ/mole)': -182709.7552363295, 'Temperature (K)': 360.7459790799062, 'Progress (%s)': '64.0%'}
[OpenMMSimulator] {'Time (ps)': 6500.000000406725, 'Step': 3250000, 'Potential Energy (kJ/mole)': -181273.30525533855, 'Temperature (K)': 356.971602096148, 'Progress (%s)': '65.0%'}
[OpenMMSimulator] {'Time (ps)': 6600.000000427098, 'Step': 3300000, 'Potential Energy (kJ/mole)': -182304.4397904519, 'Temperature (K)': 365.4545951818354, 'Progress (%s)': '66.0%'}
[OpenMMSimulator] {'Time (ps)': 6700.0000004474705, 'Step': 3350000, 'Potential Energy (kJ/mole)': -182375.13778074272, 'Temperature (K)': 359.764942174636, 'Progress (%s)': '67.0%'}
[OpenMMSimulator] {'Time (ps)': 6800.000000467843, 'Step': 3400000, 'Potential Energy (kJ/mole)': -181799.8544250112, 'Temperature (K)': 355.5806289984028, 'Progress (%s)': '68.0%'}
[OpenMMSimulator] {'Time (ps)': 6900.000000488216, 'Step': 3450000, 'Potential Energy (kJ/mole)': -181599.56829718687, 'Temperature (K)': 357.8383159941868, 'Progress (%s)': '69.0%'}
[OpenMMSimulator] {'Time (ps)': 7000.0000005085885, 'Step': 3500000, 'Potential Energy (kJ/mole)': -181770.36716058664, 'Temperature (K)': 358.88010863927025, 'Progress (%s)': '70.0%'}
[OpenMMSimulator] {'Time (ps)': 7100.000000528961, 'Step': 3550000, 'Potential Energy (kJ/mole)': -182291.6336251367, 'Temperature (K)': 357.70091850904186, 'Progress (%s)': '71.0%'}
[OpenMMSimulator] {'Time (ps)': 7200.000000549334, 'Step': 3600000, 'Potential Energy (kJ/mole)': -181704.06206224347, 'Temperature (K)': 356.6166151152593, 'Progress (%s)': '72.0%'}
[OpenMMSimulator] {'Time (ps)': 7300.000000569707, 'Step': 3650000, 'Potential Energy (kJ/mole)': -181352.9355533868, 'Temperature (K)': 358.01910291511604, 'Progress (%s)': '73.0%'}
[OpenMMSimulator] {'Time (ps)': 7400.000000590079, 'Step': 3700000, 'Potential Energy (kJ/mole)': -181403.78676604666, 'Temperature (K)': 362.00430723167665, 'Progress (%s)': '74.0%'}
[OpenMMSimulator] {'Time (ps)': 7500.000000610452, 'Step': 3750000, 'Potential Energy (kJ/mole)': -182611.23025646992, 'Temperature (K)': 356.0762959202233, 'Progress (%s)': '75.0%'}
[OpenMMSimulator] {'Time (ps)': 7600.000000630825, 'Step': 3800000, 'Potential Energy (kJ/mole)': -182248.53066815902, 'Temperature (K)': 361.75406778494744, 'Progress (%s)': '76.0%'}
[OpenMMSimulator] {'Time (ps)': 7700.000000651197, 'Step': 3850000, 'Potential Energy (kJ/mole)': -182154.54527666047, 'Temperature (K)': 360.8297983791234, 'Progress (%s)': '77.0%'}
[OpenMMSimulator] {'Time (ps)': 7800.00000067157, 'Step': 3900000, 'Potential Energy (kJ/mole)': -181019.4648056738, 'Temperature (K)': 360.86048756885225, 'Progress (%s)': '78.0%'}
[OpenMMSimulator] {'Time (ps)': 7900.000000691943, 'Step': 3950000, 'Potential Energy (kJ/mole)': -181505.56860509794, 'Temperature (K)': 358.89908109942905, 'Progress (%s)': '79.0%'}
[OpenMMSimulator] {'Time (ps)': 8000.000000712315, 'Step': 4000000, 'Potential Energy (kJ/mole)': -181661.65841397457, 'Temperature (K)': 359.16511845315546, 'Progress (%s)': '80.0%'}
[OpenMMSimulator] {'Time (ps)': 8100.000000732688, 'Step': 4050000, 'Potential Energy (kJ/mole)': -182586.86845735833, 'Temperature (K)': 359.52353329498504, 'Progress (%s)': '81.0%'}
[OpenMMSimulator] {'Time (ps)': 8200.00000075306, 'Step': 4100000, 'Potential Energy (kJ/mole)': -181593.93357490562, 'Temperature (K)': 363.3723080408143, 'Progress (%s)': '82.0%'}
[OpenMMSimulator] {'Time (ps)': 8300.000000773432, 'Step': 4150000, 'Potential Energy (kJ/mole)': -182333.24935732223, 'Temperature (K)': 357.0261526213138, 'Progress (%s)': '83.0%'}
[OpenMMSimulator] {'Time (ps)': 8400.000000793805, 'Step': 4200000, 'Potential Energy (kJ/mole)': -181405.60100555047, 'Temperature (K)': 365.1043880288472, 'Progress (%s)': '84.0%'}
[OpenMMSimulator] {'Time (ps)': 8500.000000814178, 'Step': 4250000, 'Potential Energy (kJ/mole)': -181663.0505015012, 'Temperature (K)': 360.98808237115315, 'Progress (%s)': '85.0%'}
[OpenMMSimulator] {'Time (ps)': 8600.00000083455, 'Step': 4300000, 'Potential Energy (kJ/mole)': -181758.02452935046, 'Temperature (K)': 362.62444943238245, 'Progress (%s)': '86.0%'}
[OpenMMSimulator] {'Time (ps)': 8700.000000854923, 'Step': 4350000, 'Potential Energy (kJ/mole)': -181259.7224568706, 'Temperature (K)': 358.77024205102236, 'Progress (%s)': '87.0%'}
[OpenMMSimulator] {'Time (ps)': 8800.000000875296, 'Step': 4400000, 'Potential Energy (kJ/mole)': -182348.47799869813, 'Temperature (K)': 357.3172623140712, 'Progress (%s)': '88.0%'}
[OpenMMSimulator] {'Time (ps)': 8900.000000895669, 'Step': 4450000, 'Potential Energy (kJ/mole)': -182501.0441786293, 'Temperature (K)': 360.46155960328923, 'Progress (%s)': '89.0%'}
[OpenMMSimulator] {'Time (ps)': 9000.000000916041, 'Step': 4500000, 'Potential Energy (kJ/mole)': -181163.7506325571, 'Temperature (K)': 363.9590106061183, 'Progress (%s)': '90.0%'}
[OpenMMSimulator] {'Time (ps)': 9100.000000936414, 'Step': 4550000, 'Potential Energy (kJ/mole)': -181303.88960503694, 'Temperature (K)': 358.1680012688835, 'Progress (%s)': '91.0%'}
[OpenMMSimulator] {'Time (ps)': 9200.000000956787, 'Step': 4600000, 'Potential Energy (kJ/mole)': -182161.06651248224, 'Temperature (K)': 361.0465837975222, 'Progress (%s)': '92.0%'}
[OpenMMSimulator] {'Time (ps)': 9300.00000097716, 'Step': 4650000, 'Potential Energy (kJ/mole)': -181744.76693947148, 'Temperature (K)': 360.78494556324745, 'Progress (%s)': '93.0%'}
[OpenMMSimulator] {'Time (ps)': 9400.000000997532, 'Step': 4700000, 'Potential Energy (kJ/mole)': -181623.47128645272, 'Temperature (K)': 359.5440904171075, 'Progress (%s)': '94.0%'}
[OpenMMSimulator] {'Time (ps)': 9500.000001017905, 'Step': 4750000, 'Potential Energy (kJ/mole)': -181618.1006097179, 'Temperature (K)': 360.2676559843337, 'Progress (%s)': '95.0%'}
[OpenMMSimulator] {'Time (ps)': 9600.000001038277, 'Step': 4800000, 'Potential Energy (kJ/mole)': -182847.33473232016, 'Temperature (K)': 363.1169413368831, 'Progress (%s)': '96.0%'}
[OpenMMSimulator] {'Time (ps)': 9700.00000105865, 'Step': 4850000, 'Potential Energy (kJ/mole)': -181341.24526461866, 'Temperature (K)': 361.5535846708907, 'Progress (%s)': '97.0%'}
[OpenMMSimulator] {'Time (ps)': 9800.000001079023, 'Step': 4900000, 'Potential Energy (kJ/mole)': -181544.62575997226, 'Temperature (K)': 363.68830797565136, 'Progress (%s)': '98.0%'}
[OpenMMSimulator] {'Time (ps)': 9900.000001099395, 'Step': 4950000, 'Potential Energy (kJ/mole)': -181471.7065403778, 'Temperature (K)': 355.45349160844916, 'Progress (%s)': '99.0%'}
If you use this sofware in a publication, please cite our papers :)
